---------- Date: 2014-12-16 09:55:08 ~ IP : 190.37.168.202 ----------
REQUEST URI : /zebra/index.php?route=common/home
MOD DETAILS:
   modFile   : C:\wamp\www\zebra\vqmod/xml/vqmm_pav_blogs_menu_shortcut.xml
   id        : VQMod Pavo Blogs Shortcut
   version   : 1.0.0
   vqmver    : 2.3.0
   author    : pavothemes.com

File Name    : catalog/language/*/common/header.php(0)
VQModObject::applyMod - SEARCH NOT FOUND (ABORTING MOD): $_['text_home']           = 'Home';

----------------------------------------------------------------------


---------- Date: 2014-12-16 09:58:58 ~ IP : 190.37.168.202 ----------
REQUEST URI : /zebra/index.php?route=common/home
MOD DETAILS:
   modFile   : C:\wamp\www\zebra\vqmod/xml/vqmm_pav_blogs_menu_shortcut.xml
   id        : VQMod Pavo Blogs Shortcut
   version   : 1.0.0
   vqmver    : 2.3.0
   author    : pavothemes.com

File Name    : catalog/language/*/common/header.php(0)
VQModObject::applyMod - SEARCH NOT FOUND (ABORTING MOD): $_['text_home']           = 'Home';

----------------------------------------------------------------------


---------- Date: 2014-12-16 10:26:29 ~ IP : 190.37.168.202 ----------
REQUEST URI : /zebra/index.php?route=common/home
MOD DETAILS:
   modFile   : C:\wamp\www\zebra\vqmod/xml/vqmm_pav_blogs_menu_shortcut.xml
   id        : VQMod Pavo Blogs Shortcut
   version   : 1.0.0
   vqmver    : 2.3.0
   author    : pavothemes.com

File Name    : catalog/language/*/common/header.php(0)
VQModObject::applyMod - SEARCH NOT FOUND (ABORTING MOD): $_['text_home']           = 'Home';

----------------------------------------------------------------------


---------- Date: 2014-12-16 10:26:52 ~ IP : 190.37.168.202 ----------
REQUEST URI : /zebra/index.php?_route_=impresoras-industriales-zebra
MOD DETAILS:
   modFile   : C:\wamp\www\zebra\vqmod/xml/vqmm_pav_blogs_menu_shortcut.xml
   id        : VQMod Pavo Blogs Shortcut
   version   : 1.0.0
   vqmver    : 2.3.0
   author    : pavothemes.com

File Name    : catalog/language/*/common/header.php(0)
VQModObject::applyMod - SEARCH NOT FOUND (ABORTING MOD): $_['text_home']           = 'Home';

MOD DETAILS:
   modFile   : C:\wamp\www\zebra\vqmod/xml/pavdeals.xml
   id        : Pavo Deals
   version   : 1.0.0
   vqmver    : 2.3.0
   author    : PavoThemes

File Name    : catalog/view/theme/*/template/product/category.tpl(0)
VQModObject::applyMod - SEARCH NOT FOUND (ABORTING MOD): <?php if ($product['rating']) { ?>

----------------------------------------------------------------------


---------- Date: 2014-12-16 11:11:23 ~ IP : 190.37.168.202 ----------
REQUEST URI : /zebra/index.php?_route_=impresoras-industriales-zebra
MOD DETAILS:
   modFile   : C:\wamp\www\zebra\vqmod/xml/vqmm_pav_blogs_menu_shortcut.xml
   id        : VQMod Pavo Blogs Shortcut
   version   : 1.0.0
   vqmver    : 2.3.0
   author    : pavothemes.com

File Name    : catalog/language/*/common/header.php(0)
VQModObject::applyMod - SEARCH NOT FOUND (ABORTING MOD): $_['text_home']           = 'Home';

MOD DETAILS:
   modFile   : C:\wamp\www\zebra\vqmod/xml/pavdeals.xml
   id        : Pavo Deals
   version   : 1.0.0
   vqmver    : 2.3.0
   author    : PavoThemes

File Name    : catalog/view/theme/*/template/product/category.tpl(0)
VQModObject::applyMod - SEARCH NOT FOUND (ABORTING MOD): <?php if ($product['rating']) { ?>

----------------------------------------------------------------------


---------- Date: 2014-12-16 11:13:07 ~ IP : 190.37.168.202 ----------
REQUEST URI : /zebra/index.php?_route_=impresoras-industriales-zebra
MOD DETAILS:
   modFile   : C:\wamp\www\zebra\vqmod/xml/vqmm_pav_blogs_menu_shortcut.xml
   id        : VQMod Pavo Blogs Shortcut
   version   : 1.0.0
   vqmver    : 2.3.0
   author    : pavothemes.com

File Name    : catalog/language/*/common/header.php(0)
VQModObject::applyMod - SEARCH NOT FOUND (ABORTING MOD): $_['text_home']           = 'Home';

MOD DETAILS:
   modFile   : C:\wamp\www\zebra\vqmod/xml/pavdeals.xml
   id        : Pavo Deals
   version   : 1.0.0
   vqmver    : 2.3.0
   author    : PavoThemes

File Name    : catalog/view/theme/*/template/product/category.tpl(0)
VQModObject::applyMod - SEARCH NOT FOUND (ABORTING MOD): <?php if ($product['rating']) { ?>

----------------------------------------------------------------------


---------- Date: 2014-12-16 11:14:05 ~ IP : 190.37.168.202 ----------
REQUEST URI : /zebra/index.php?_route_=impresoras-zebra-escritorio
MOD DETAILS:
   modFile   : C:\wamp\www\zebra\vqmod/xml/vqmm_pav_blogs_menu_shortcut.xml
   id        : VQMod Pavo Blogs Shortcut
   version   : 1.0.0
   vqmver    : 2.3.0
   author    : pavothemes.com

File Name    : catalog/language/*/common/header.php(0)
VQModObject::applyMod - SEARCH NOT FOUND (ABORTING MOD): $_['text_home']           = 'Home';

MOD DETAILS:
   modFile   : C:\wamp\www\zebra\vqmod/xml/pavdeals.xml
   id        : Pavo Deals
   version   : 1.0.0
   vqmver    : 2.3.0
   author    : PavoThemes

File Name    : catalog/view/theme/*/template/product/category.tpl(0)
VQModObject::applyMod - SEARCH NOT FOUND (ABORTING MOD): <?php if ($product['rating']) { ?>

----------------------------------------------------------------------


---------- Date: 2014-12-16 11:14:48 ~ IP : 190.37.168.202 ----------
REQUEST URI : /zebra/index.php?_route_=impresoras-carnet
MOD DETAILS:
   modFile   : C:\wamp\www\zebra\vqmod/xml/vqmm_pav_blogs_menu_shortcut.xml
   id        : VQMod Pavo Blogs Shortcut
   version   : 1.0.0
   vqmver    : 2.3.0
   author    : pavothemes.com

File Name    : catalog/language/*/common/header.php(0)
VQModObject::applyMod - SEARCH NOT FOUND (ABORTING MOD): $_['text_home']           = 'Home';

MOD DETAILS:
   modFile   : C:\wamp\www\zebra\vqmod/xml/pavdeals.xml
   id        : Pavo Deals
   version   : 1.0.0
   vqmver    : 2.3.0
   author    : PavoThemes

File Name    : catalog/view/theme/*/template/product/category.tpl(0)
VQModObject::applyMod - SEARCH NOT FOUND (ABORTING MOD): <?php if ($product['rating']) { ?>

----------------------------------------------------------------------


---------- Date: 2014-12-16 11:18:14 ~ IP : 190.37.168.202 ----------
REQUEST URI : /zebra/index.php?_route_=impresoras-carnet
MOD DETAILS:
   modFile   : C:\wamp\www\zebra\vqmod/xml/vqmm_pav_blogs_menu_shortcut.xml
   id        : VQMod Pavo Blogs Shortcut
   version   : 1.0.0
   vqmver    : 2.3.0
   author    : pavothemes.com

File Name    : catalog/language/*/common/header.php(0)
VQModObject::applyMod - SEARCH NOT FOUND (ABORTING MOD): $_['text_home']           = 'Home';

MOD DETAILS:
   modFile   : C:\wamp\www\zebra\vqmod/xml/pavdeals.xml
   id        : Pavo Deals
   version   : 1.0.0
   vqmver    : 2.3.0
   author    : PavoThemes

File Name    : catalog/view/theme/*/template/product/category.tpl(0)
VQModObject::applyMod - SEARCH NOT FOUND (ABORTING MOD): <?php if ($product['rating']) { ?>

----------------------------------------------------------------------


---------- Date: 2014-12-16 11:29:31 ~ IP : 190.37.168.202 ----------
REQUEST URI : /zebra/index.php?_route_=impresoras-industriales-zebra
MOD DETAILS:
   modFile   : C:\wamp\www\zebra\vqmod/xml/vqmm_pav_blogs_menu_shortcut.xml
   id        : VQMod Pavo Blogs Shortcut
   version   : 1.0.0
   vqmver    : 2.3.0
   author    : pavothemes.com

File Name    : catalog/language/*/common/header.php(0)
VQModObject::applyMod - SEARCH NOT FOUND (ABORTING MOD): $_['text_home']           = 'Home';

MOD DETAILS:
   modFile   : C:\wamp\www\zebra\vqmod/xml/pavdeals.xml
   id        : Pavo Deals
   version   : 1.0.0
   vqmver    : 2.3.0
   author    : PavoThemes

File Name    : catalog/view/theme/*/template/product/category.tpl(0)
VQModObject::applyMod - SEARCH NOT FOUND (ABORTING MOD): <?php if ($product['rating']) { ?>

----------------------------------------------------------------------


---------- Date: 2014-12-16 11:30:34 ~ IP : 190.37.168.202 ----------
REQUEST URI : /zebra/index.php?_route_=impresoras-carnet
MOD DETAILS:
   modFile   : C:\wamp\www\zebra\vqmod/xml/vqmm_pav_blogs_menu_shortcut.xml
   id        : VQMod Pavo Blogs Shortcut
   version   : 1.0.0
   vqmver    : 2.3.0
   author    : pavothemes.com

File Name    : catalog/language/*/common/header.php(0)
VQModObject::applyMod - SEARCH NOT FOUND (ABORTING MOD): $_['text_home']           = 'Home';

MOD DETAILS:
   modFile   : C:\wamp\www\zebra\vqmod/xml/pavdeals.xml
   id        : Pavo Deals
   version   : 1.0.0
   vqmver    : 2.3.0
   author    : PavoThemes

File Name    : catalog/view/theme/*/template/product/category.tpl(0)
VQModObject::applyMod - SEARCH NOT FOUND (ABORTING MOD): <?php if ($product['rating']) { ?>

----------------------------------------------------------------------


---------- Date: 2014-12-16 11:31:28 ~ IP : 190.37.168.202 ----------
REQUEST URI : /zebra/index.php?_route_=impresoras-industriales-zebra
MOD DETAILS:
   modFile   : C:\wamp\www\zebra\vqmod/xml/vqmm_pav_blogs_menu_shortcut.xml
   id        : VQMod Pavo Blogs Shortcut
   version   : 1.0.0
   vqmver    : 2.3.0
   author    : pavothemes.com

File Name    : catalog/language/*/common/header.php(0)
VQModObject::applyMod - SEARCH NOT FOUND (ABORTING MOD): $_['text_home']           = 'Home';

MOD DETAILS:
   modFile   : C:\wamp\www\zebra\vqmod/xml/pavdeals.xml
   id        : Pavo Deals
   version   : 1.0.0
   vqmver    : 2.3.0
   author    : PavoThemes

File Name    : catalog/view/theme/*/template/product/category.tpl(0)
VQModObject::applyMod - SEARCH NOT FOUND (ABORTING MOD): <?php if ($product['rating']) { ?>

----------------------------------------------------------------------


---------- Date: 2014-12-16 11:37:09 ~ IP : 190.37.168.202 ----------
REQUEST URI : /zebra/index.php?_route_=impresoras-carnet
MOD DETAILS:
   modFile   : C:\wamp\www\zebra\vqmod/xml/vqmm_pav_blogs_menu_shortcut.xml
   id        : VQMod Pavo Blogs Shortcut
   version   : 1.0.0
   vqmver    : 2.3.0
   author    : pavothemes.com

File Name    : catalog/language/*/common/header.php(0)
VQModObject::applyMod - SEARCH NOT FOUND (ABORTING MOD): $_['text_home']           = 'Home';

MOD DETAILS:
   modFile   : C:\wamp\www\zebra\vqmod/xml/pavdeals.xml
   id        : Pavo Deals
   version   : 1.0.0
   vqmver    : 2.3.0
   author    : PavoThemes

File Name    : catalog/view/theme/*/template/product/category.tpl(0)
VQModObject::applyMod - SEARCH NOT FOUND (ABORTING MOD): <?php if ($product['rating']) { ?>

----------------------------------------------------------------------


---------- Date: 2014-12-16 11:39:57 ~ IP : 190.37.168.202 ----------
REQUEST URI : /zebra/index.php?_route_=impresoras-carnet
MOD DETAILS:
   modFile   : C:\wamp\www\zebra\vqmod/xml/vqmm_pav_blogs_menu_shortcut.xml
   id        : VQMod Pavo Blogs Shortcut
   version   : 1.0.0
   vqmver    : 2.3.0
   author    : pavothemes.com

File Name    : catalog/language/*/common/header.php(0)
VQModObject::applyMod - SEARCH NOT FOUND (ABORTING MOD): $_['text_home']           = 'Home';

MOD DETAILS:
   modFile   : C:\wamp\www\zebra\vqmod/xml/pavdeals.xml
   id        : Pavo Deals
   version   : 1.0.0
   vqmver    : 2.3.0
   author    : PavoThemes

File Name    : catalog/view/theme/*/template/product/category.tpl(0)
VQModObject::applyMod - SEARCH NOT FOUND (ABORTING MOD): <?php if ($product['rating']) { ?>

----------------------------------------------------------------------


---------- Date: 2014-12-16 11:41:41 ~ IP : 190.37.168.202 ----------
REQUEST URI : /zebra/index.php?_route_=impresoras-carnet
MOD DETAILS:
   modFile   : C:\wamp\www\zebra\vqmod/xml/vqmm_pav_blogs_menu_shortcut.xml
   id        : VQMod Pavo Blogs Shortcut
   version   : 1.0.0
   vqmver    : 2.3.0
   author    : pavothemes.com

File Name    : catalog/language/*/common/header.php(0)
VQModObject::applyMod - SEARCH NOT FOUND (ABORTING MOD): $_['text_home']           = 'Home';

MOD DETAILS:
   modFile   : C:\wamp\www\zebra\vqmod/xml/pavdeals.xml
   id        : Pavo Deals
   version   : 1.0.0
   vqmver    : 2.3.0
   author    : PavoThemes

File Name    : catalog/view/theme/*/template/product/category.tpl(0)
VQModObject::applyMod - SEARCH NOT FOUND (ABORTING MOD): <?php if ($product['rating']) { ?>

----------------------------------------------------------------------


---------- Date: 2014-12-16 11:43:33 ~ IP : 190.37.168.202 ----------
REQUEST URI : /zebra/index.php?_route_=impresoras-carnet
MOD DETAILS:
   modFile   : C:\wamp\www\zebra\vqmod/xml/vqmm_pav_blogs_menu_shortcut.xml
   id        : VQMod Pavo Blogs Shortcut
   version   : 1.0.0
   vqmver    : 2.3.0
   author    : pavothemes.com

File Name    : catalog/language/*/common/header.php(0)
VQModObject::applyMod - SEARCH NOT FOUND (ABORTING MOD): $_['text_home']           = 'Home';

MOD DETAILS:
   modFile   : C:\wamp\www\zebra\vqmod/xml/pavdeals.xml
   id        : Pavo Deals
   version   : 1.0.0
   vqmver    : 2.3.0
   author    : PavoThemes

File Name    : catalog/view/theme/*/template/product/category.tpl(0)
VQModObject::applyMod - SEARCH NOT FOUND (ABORTING MOD): <?php if ($product['rating']) { ?>

----------------------------------------------------------------------


---------- Date: 2014-12-16 11:45:41 ~ IP : 190.37.168.202 ----------
REQUEST URI : /zebra/index.php?_route_=impresoras-carnet
MOD DETAILS:
   modFile   : C:\wamp\www\zebra\vqmod/xml/vqmm_pav_blogs_menu_shortcut.xml
   id        : VQMod Pavo Blogs Shortcut
   version   : 1.0.0
   vqmver    : 2.3.0
   author    : pavothemes.com

File Name    : catalog/language/*/common/header.php(0)
VQModObject::applyMod - SEARCH NOT FOUND (ABORTING MOD): $_['text_home']           = 'Home';

MOD DETAILS:
   modFile   : C:\wamp\www\zebra\vqmod/xml/pavdeals.xml
   id        : Pavo Deals
   version   : 1.0.0
   vqmver    : 2.3.0
   author    : PavoThemes

File Name    : catalog/view/theme/*/template/product/category.tpl(0)
VQModObject::applyMod - SEARCH NOT FOUND (ABORTING MOD): <?php if ($product['rating']) { ?>

----------------------------------------------------------------------


---------- Date: 2014-12-16 11:52:02 ~ IP : 190.37.168.202 ----------
REQUEST URI : /zebra/index.php?_route_=impresoras-carnet
MOD DETAILS:
   modFile   : C:\wamp\www\zebra\vqmod/xml/vqmm_pav_blogs_menu_shortcut.xml
   id        : VQMod Pavo Blogs Shortcut
   version   : 1.0.0
   vqmver    : 2.3.0
   author    : pavothemes.com

File Name    : catalog/language/*/common/header.php(0)
VQModObject::applyMod - SEARCH NOT FOUND (ABORTING MOD): $_['text_home']           = 'Home';

MOD DETAILS:
   modFile   : C:\wamp\www\zebra\vqmod/xml/pavdeals.xml
   id        : Pavo Deals
   version   : 1.0.0
   vqmver    : 2.3.0
   author    : PavoThemes

File Name    : catalog/view/theme/*/template/product/category.tpl(0)
VQModObject::applyMod - SEARCH NOT FOUND (ABORTING MOD): <?php if ($product['rating']) { ?>

----------------------------------------------------------------------


---------- Date: 2014-12-16 11:53:48 ~ IP : 190.37.168.202 ----------
REQUEST URI : /zebra/index.php?_route_=impresoras-carnet
MOD DETAILS:
   modFile   : C:\wamp\www\zebra\vqmod/xml/vqmm_pav_blogs_menu_shortcut.xml
   id        : VQMod Pavo Blogs Shortcut
   version   : 1.0.0
   vqmver    : 2.3.0
   author    : pavothemes.com

File Name    : catalog/language/*/common/header.php(0)
VQModObject::applyMod - SEARCH NOT FOUND (ABORTING MOD): $_['text_home']           = 'Home';

MOD DETAILS:
   modFile   : C:\wamp\www\zebra\vqmod/xml/pavdeals.xml
   id        : Pavo Deals
   version   : 1.0.0
   vqmver    : 2.3.0
   author    : PavoThemes

File Name    : catalog/view/theme/*/template/product/category.tpl(0)
VQModObject::applyMod - SEARCH NOT FOUND (ABORTING MOD): <?php if ($product['rating']) { ?>

----------------------------------------------------------------------


---------- Date: 2014-12-16 11:54:33 ~ IP : 190.37.168.202 ----------
REQUEST URI : /zebra/index.php?_route_=impresoras-carnet
MOD DETAILS:
   modFile   : C:\wamp\www\zebra\vqmod/xml/vqmm_pav_blogs_menu_shortcut.xml
   id        : VQMod Pavo Blogs Shortcut
   version   : 1.0.0
   vqmver    : 2.3.0
   author    : pavothemes.com

File Name    : catalog/language/*/common/header.php(0)
VQModObject::applyMod - SEARCH NOT FOUND (ABORTING MOD): $_['text_home']           = 'Home';

MOD DETAILS:
   modFile   : C:\wamp\www\zebra\vqmod/xml/pavdeals.xml
   id        : Pavo Deals
   version   : 1.0.0
   vqmver    : 2.3.0
   author    : PavoThemes

File Name    : catalog/view/theme/*/template/product/category.tpl(0)
VQModObject::applyMod - SEARCH NOT FOUND (ABORTING MOD): <?php if ($product['rating']) { ?>

----------------------------------------------------------------------


---------- Date: 2014-12-16 12:05:54 ~ IP : 190.37.168.202 ----------
REQUEST URI : /zebra/index.php?_route_=impresoras-carnet
MOD DETAILS:
   modFile   : C:\wamp\www\zebra\vqmod/xml/vqmm_pav_blogs_menu_shortcut.xml
   id        : VQMod Pavo Blogs Shortcut
   version   : 1.0.0
   vqmver    : 2.3.0
   author    : pavothemes.com

File Name    : catalog/language/*/common/header.php(0)
VQModObject::applyMod - SEARCH NOT FOUND (ABORTING MOD): $_['text_home']           = 'Home';

MOD DETAILS:
   modFile   : C:\wamp\www\zebra\vqmod/xml/pavdeals.xml
   id        : Pavo Deals
   version   : 1.0.0
   vqmver    : 2.3.0
   author    : PavoThemes

File Name    : catalog/view/theme/*/template/product/category.tpl(0)
VQModObject::applyMod - SEARCH NOT FOUND (ABORTING MOD): <?php if ($product['rating']) { ?>

----------------------------------------------------------------------


---------- Date: 2014-12-16 12:09:18 ~ IP : 190.37.168.202 ----------
REQUEST URI : /zebra/index.php?_route_=impresoras-carnet
MOD DETAILS:
   modFile   : C:\wamp\www\zebra\vqmod/xml/vqmm_pav_blogs_menu_shortcut.xml
   id        : VQMod Pavo Blogs Shortcut
   version   : 1.0.0
   vqmver    : 2.3.0
   author    : pavothemes.com

File Name    : catalog/language/*/common/header.php(0)
VQModObject::applyMod - SEARCH NOT FOUND (ABORTING MOD): $_['text_home']           = 'Home';

MOD DETAILS:
   modFile   : C:\wamp\www\zebra\vqmod/xml/pavdeals.xml
   id        : Pavo Deals
   version   : 1.0.0
   vqmver    : 2.3.0
   author    : PavoThemes

File Name    : catalog/view/theme/*/template/product/category.tpl(0)
VQModObject::applyMod - SEARCH NOT FOUND (ABORTING MOD): <?php if ($product['rating']) { ?>

----------------------------------------------------------------------


---------- Date: 2014-12-16 12:18:24 ~ IP : 190.37.168.202 ----------
REQUEST URI : /zebra/index.php?_route_=impresoras-carnet/impresora-zebra-tarjetas-carnet-ZXP-Series3
MOD DETAILS:
   modFile   : C:\wamp\www\zebra\vqmod/xml/vqmm_pav_blogs_menu_shortcut.xml
   id        : VQMod Pavo Blogs Shortcut
   version   : 1.0.0
   vqmver    : 2.3.0
   author    : pavothemes.com

File Name    : catalog/language/*/common/header.php(0)
VQModObject::applyMod - SEARCH NOT FOUND (ABORTING MOD): $_['text_home']           = 'Home';

----------------------------------------------------------------------


---------- Date: 2014-12-16 12:18:42 ~ IP : 190.37.168.202 ----------
REQUEST URI : /zebra/index.php?_route_=impresoras-carnet/impresora-zebra-tarjetas-carnet-ZXP-series1
MOD DETAILS:
   modFile   : C:\wamp\www\zebra\vqmod/xml/vqmm_pav_blogs_menu_shortcut.xml
   id        : VQMod Pavo Blogs Shortcut
   version   : 1.0.0
   vqmver    : 2.3.0
   author    : pavothemes.com

File Name    : catalog/language/*/common/header.php(0)
VQModObject::applyMod - SEARCH NOT FOUND (ABORTING MOD): $_['text_home']           = 'Home';

----------------------------------------------------------------------


---------- Date: 2014-12-16 12:31:31 ~ IP : 190.37.168.202 ----------
REQUEST URI : /zebra/index.php?route=common/home
MOD DETAILS:
   modFile   : C:\wamp\www\zebra\vqmod/xml/vqmm_pav_blogs_menu_shortcut.xml
   id        : VQMod Pavo Blogs Shortcut
   version   : 1.0.0
   vqmver    : 2.3.0
   author    : pavothemes.com

File Name    : catalog/language/*/common/header.php(0)
VQModObject::applyMod - SEARCH NOT FOUND (ABORTING MOD): $_['text_home']           = 'Home';

----------------------------------------------------------------------


---------- Date: 2014-12-16 12:32:00 ~ IP : 190.37.168.202 ----------
REQUEST URI : /zebra/index.php?_route_=lectores-portatiles
MOD DETAILS:
   modFile   : C:\wamp\www\zebra\vqmod/xml/vqmm_pav_blogs_menu_shortcut.xml
   id        : VQMod Pavo Blogs Shortcut
   version   : 1.0.0
   vqmver    : 2.3.0
   author    : pavothemes.com

File Name    : catalog/language/*/common/header.php(0)
VQModObject::applyMod - SEARCH NOT FOUND (ABORTING MOD): $_['text_home']           = 'Home';

MOD DETAILS:
   modFile   : C:\wamp\www\zebra\vqmod/xml/pavdeals.xml
   id        : Pavo Deals
   version   : 1.0.0
   vqmver    : 2.3.0
   author    : PavoThemes

File Name    : catalog/view/theme/*/template/product/category.tpl(0)
VQModObject::applyMod - SEARCH NOT FOUND (ABORTING MOD): <?php if ($product['rating']) { ?>

----------------------------------------------------------------------


---------- Date: 2014-12-16 13:08:17 ~ IP : 190.37.168.202 ----------
REQUEST URI : /zebra/index.php?_route_=lectores-portatiles/lector-lectores-port%c3%a1til-port%c3%a1tiles-zebra-LS1203HD
MOD DETAILS:
   modFile   : C:\wamp\www\zebra\vqmod/xml/vqmm_pav_blogs_menu_shortcut.xml
   id        : VQMod Pavo Blogs Shortcut
   version   : 1.0.0
   vqmver    : 2.3.0
   author    : pavothemes.com

File Name    : catalog/language/*/common/header.php(0)
VQModObject::applyMod - SEARCH NOT FOUND (ABORTING MOD): $_['text_home']           = 'Home';

----------------------------------------------------------------------


---------- Date: 2014-12-16 13:09:06 ~ IP : 190.37.168.202 ----------
REQUEST URI : /zebra/index.php?route=checkout/cart
MOD DETAILS:
   modFile   : C:\wamp\www\zebra\vqmod/xml/vqmm_pav_blogs_menu_shortcut.xml
   id        : VQMod Pavo Blogs Shortcut
   version   : 1.0.0
   vqmver    : 2.3.0
   author    : pavothemes.com

File Name    : catalog/language/*/common/header.php(0)
VQModObject::applyMod - SEARCH NOT FOUND (ABORTING MOD): $_['text_home']           = 'Home';

----------------------------------------------------------------------


---------- Date: 2014-12-16 13:09:19 ~ IP : 190.37.168.202 ----------
REQUEST URI : /zebra/index.php?route=checkout/checkout
MOD DETAILS:
   modFile   : C:\wamp\www\zebra\vqmod/xml/vqmm_pav_blogs_menu_shortcut.xml
   id        : VQMod Pavo Blogs Shortcut
   version   : 1.0.0
   vqmver    : 2.3.0
   author    : pavothemes.com

File Name    : catalog/language/*/common/header.php(0)
VQModObject::applyMod - SEARCH NOT FOUND (ABORTING MOD): $_['text_home']           = 'Home';

----------------------------------------------------------------------


---------- Date: 2014-12-16 13:09:28 ~ IP : 190.37.168.202 ----------
REQUEST URI : /zebra/index.php?route=checkout/cart
MOD DETAILS:
   modFile   : C:\wamp\www\zebra\vqmod/xml/vqmm_pav_blogs_menu_shortcut.xml
   id        : VQMod Pavo Blogs Shortcut
   version   : 1.0.0
   vqmver    : 2.3.0
   author    : pavothemes.com

File Name    : catalog/language/*/common/header.php(0)
VQModObject::applyMod - SEARCH NOT FOUND (ABORTING MOD): $_['text_home']           = 'Home';

----------------------------------------------------------------------


---------- Date: 2014-12-16 14:09:40 ~ IP : 200.47.182.253 ----------
REQUEST URI : /zebra/
MOD DETAILS:
   modFile   : C:\wamp\www\zebra\vqmod/xml/vqmm_pav_blogs_menu_shortcut.xml
   id        : VQMod Pavo Blogs Shortcut
   version   : 1.0.0
   vqmver    : 2.3.0
   author    : pavothemes.com

File Name    : catalog/language/*/common/header.php(0)
VQModObject::applyMod - SEARCH NOT FOUND (ABORTING MOD): $_['text_home']           = 'Home';

----------------------------------------------------------------------


---------- Date: 2014-12-16 14:14:31 ~ IP : 200.47.182.253 ----------
REQUEST URI : /zebra/index.php?_route_=about_us
MOD DETAILS:
   modFile   : C:\wamp\www\zebra\vqmod/xml/vqmm_pav_blogs_menu_shortcut.xml
   id        : VQMod Pavo Blogs Shortcut
   version   : 1.0.0
   vqmver    : 2.3.0
   author    : pavothemes.com

File Name    : catalog/language/*/common/header.php(0)
VQModObject::applyMod - SEARCH NOT FOUND (ABORTING MOD): $_['text_home']           = 'Home';

----------------------------------------------------------------------


---------- Date: 2014-12-16 14:21:05 ~ IP : 200.47.182.253 ----------
REQUEST URI : /zebra/index.php?route=common/home
MOD DETAILS:
   modFile   : C:\wamp\www\zebra\vqmod/xml/vqmm_pav_blogs_menu_shortcut.xml
   id        : VQMod Pavo Blogs Shortcut
   version   : 1.0.0
   vqmver    : 2.3.0
   author    : pavothemes.com

File Name    : catalog/language/*/common/header.php(0)
VQModObject::applyMod - SEARCH NOT FOUND (ABORTING MOD): $_['text_home']           = 'Home';

----------------------------------------------------------------------


---------- Date: 2014-12-16 15:41:20 ~ IP : 200.47.182.253 ----------
REQUEST URI : /zebra/index.php?_route_=servicio-tecnico
MOD DETAILS:
   modFile   : C:\wamp\www\zebra\vqmod/xml/vqmm_pav_blogs_menu_shortcut.xml
   id        : VQMod Pavo Blogs Shortcut
   version   : 1.0.0
   vqmver    : 2.3.0
   author    : pavothemes.com

File Name    : catalog/language/*/common/header.php(0)
VQModObject::applyMod - SEARCH NOT FOUND (ABORTING MOD): $_['text_home']           = 'Home';

----------------------------------------------------------------------


---------- Date: 2014-12-16 15:45:38 ~ IP : 200.47.182.253 ----------
REQUEST URI : /zebra/index.php?route=common/home
MOD DETAILS:
   modFile   : C:\wamp\www\zebra\vqmod/xml/vqmm_pav_blogs_menu_shortcut.xml
   id        : VQMod Pavo Blogs Shortcut
   version   : 1.0.0
   vqmver    : 2.3.0
   author    : pavothemes.com

File Name    : catalog/language/*/common/header.php(0)
VQModObject::applyMod - SEARCH NOT FOUND (ABORTING MOD): $_['text_home']           = 'Home';

----------------------------------------------------------------------


---------- Date: 2014-12-16 15:47:19 ~ IP : 200.47.182.253 ----------
REQUEST URI : /zebra/index.php?route=common/home
MOD DETAILS:
   modFile   : C:\wamp\www\zebra\vqmod/xml/vqmm_pav_blogs_menu_shortcut.xml
   id        : VQMod Pavo Blogs Shortcut
   version   : 1.0.0
   vqmver    : 2.3.0
   author    : pavothemes.com

File Name    : catalog/language/*/common/header.php(0)
VQModObject::applyMod - SEARCH NOT FOUND (ABORTING MOD): $_['text_home']           = 'Home';

----------------------------------------------------------------------


---------- Date: 2014-12-16 22:51:27 ~ IP : 190.37.168.202 ----------
REQUEST URI : /zebra/index.php?route=common/home
MOD DETAILS:
   modFile   : C:\wamp\www\zebra\vqmod/xml/vqmm_pav_blogs_menu_shortcut.xml
   id        : VQMod Pavo Blogs Shortcut
   version   : 1.0.0
   vqmver    : 2.3.0
   author    : pavothemes.com

File Name    : catalog/language/*/common/header.php(0)
VQModObject::applyMod - SEARCH NOT FOUND (ABORTING MOD): $_['text_home']           = 'Home';

----------------------------------------------------------------------


