---------- Date: 2014-12-18 15:17:01 ~ IP : 200.47.182.253 ----------
REQUEST URI : /zebra/
MOD DETAILS:
   modFile   : C:\wamp\www\zebra\vqmod/xml/vqmm_pav_blogs_menu_shortcut.xml
   id        : VQMod Pavo Blogs Shortcut
   version   : 1.0.0
   vqmver    : 2.3.0
   author    : pavothemes.com

File Name    : catalog/language/*/common/header.php(0)
VQModObject::applyMod - SEARCH NOT FOUND (ABORTING MOD): $_['text_home']           = 'Home';

----------------------------------------------------------------------


---------- Date: 2014-12-18 19:12:56 ~ IP : 200.47.182.253 ----------
REQUEST URI : /zebra/
MOD DETAILS:
   modFile   : C:\wamp\www\zebra\vqmod/xml/vqmm_pav_blogs_menu_shortcut.xml
   id        : VQMod Pavo Blogs Shortcut
   version   : 1.0.0
   vqmver    : 2.3.0
   author    : pavothemes.com

File Name    : catalog/language/*/common/header.php(0)
VQModObject::applyMod - SEARCH NOT FOUND (ABORTING MOD): $_['text_home']           = 'Home';

----------------------------------------------------------------------


---------- Date: 2014-12-18 21:08:06 ~ IP : 181.208.137.222 ----------
REQUEST URI : /zebra/
MOD DETAILS:
   modFile   : C:\wamp\www\zebra\vqmod/xml/vqmm_pav_blogs_menu_shortcut.xml
   id        : VQMod Pavo Blogs Shortcut
   version   : 1.0.0
   vqmver    : 2.3.0
   author    : pavothemes.com

File Name    : catalog/language/*/common/header.php(0)
VQModObject::applyMod - SEARCH NOT FOUND (ABORTING MOD): $_['text_home']           = 'Home';

----------------------------------------------------------------------


